#-----------------------------------------------------------
# Vivado v2024.2 (64-bit)
# SW Build 5239630 on Fri Nov 08 22:35:27 MST 2024
# IP Build 5239520 on Sun Nov 10 16:12:51 MST 2024
# SharedData Build 5239561 on Fri Nov 08 14:39:27 MST 2024
# Start of session at: Thu Apr 10 09:13:51 2025
# Process ID         : 7516
# Current directory  : C:/Users/ASUS/Documents/FPGA_mini_projects/Binary_to_7_Segment
# Command line       : vivado.exe -gui_launcher_event rodinguilauncherevent17592 C:\Users\ASUS\Documents\FPGA_mini_projects\Binary_to_7_Segment\Binary_to_7_Segment.xpr
# Log file           : C:/Users/ASUS/Documents/FPGA_mini_projects/Binary_to_7_Segment/vivado.log
# Journal file       : C:/Users/ASUS/Documents/FPGA_mini_projects/Binary_to_7_Segment\vivado.jou
# Running On         : DESKTOP-MVL9D0G
# Platform           : Windows Server 2016 or Windows 10
# Operating System   : 26100
# Processor Detail   : AMD Ryzen 9 7940HS w/ Radeon 780M Graphics     
# CPU Frequency      : 3992 MHz
# CPU Physical cores : 8
# CPU Logical cores  : 16
# Host memory        : 16326 MB
# Swap memory        : 18253 MB
# Total Virtual      : 34579 MB
# Available Virtual  : 21130 MB
#-----------------------------------------------------------
start_gui
open_project C:/Users/ASUS/Documents/FPGA_mini_projects/Binary_to_7_Segment/Binary_to_7_Segment.xpr
INFO: [filemgmt 56-3] Default IP Output Path : Could not find the directory 'C:/Users/ASUS/Documents/FPGA_mini_projects/Binary_to_7_Segment/Binary_to_7_Segment.gen/sources_1'.
Scanning sources...
Finished scanning sources
INFO: [IP_Flow 19-234] Refreshing IP repositories
INFO: [IP_Flow 19-1704] No user IP repositories specified
INFO: [IP_Flow 19-2313] Loaded Vivado IP repository 'C:/xilinx/Vivado/2024.2/data/ip'.
open_project: Time (s): cpu = 00:00:20 ; elapsed = 00:00:11 . Memory (MB): peak = 1267.883 ; gain = 187.520
update_compile_order -fileset sources_1
exit
INFO: [Common 17-206] Exiting Vivado at Thu Apr 10 09:23:11 2025...
